{
  "stats": {
    "suites": 1,
    "tests": 1,
    "passes": 0,
    "pending": 0,
    "failures": 1,
    "start": "2025-09-04T17:03:14.353Z",
    "end": "2025-09-04T17:03:21.700Z",
    "duration": 7347,
    "testsRegistered": 1,
    "passPercent": 0,
    "pendingPercent": 0,
    "other": 0,
    "hasOther": false,
    "skipped": 0,
    "hasSkipped": false
  },
  "results": [
    {
      "uuid": "4019b710-e76a-4925-b337-bc5b03ad629b",
      "title": "",
      "fullFile": "cypress\\e2e\\Menu - 06 Logon\\0602 - Usuário Empresa.cy.js",
      "file": "cypress\\e2e\\Menu - 06 Logon\\0602 - Usuário Empresa.cy.js",
      "beforeHooks": [],
      "afterHooks": [],
      "tests": [],
      "suites": [
        {
          "uuid": "a188b055-3b85-458f-a8f8-fb9e9c6ddfec",
          "title": "Acessando a página do Flits",
          "fullFile": "",
          "file": "",
          "beforeHooks": [],
          "afterHooks": [],
          "tests": [
            {
              "title": "Deve visitar a página do Flits",
              "fullTitle": "Acessando a página do Flits Deve visitar a página do Flits",
              "timedOut": null,
              "duration": 5508,
              "state": "failed",
              "speed": null,
              "pass": false,
              "fail": true,
              "pending": false,
              "context": "[\n  {\n    \"title\": \"cypress-mochawesome-reporter-videos-failed\",\n    \"value\": \"cypress\\\\e2e\\\\Menu - 06 Logon\\\\0602 - Usuário Empresa.cy.js\"\n  },\n  {\n    \"title\": \"cypress-mochawesome-reporter-screenshots\",\n    \"value\": [\n      [\n        \"\\\\Menu - 06 Logon\\\\0602 - Usuário Empresa.cy.js\\\\Acessando a página do Flits -- Deve visitar a página do Flits (failed).png\"\n      ]\n    ]\n  }\n]",
              "code": "cy.visit('http://10.10.50.48:3102/');\ncy.get('[data-cy=\"form-item-username\"] > .ant-col > .ant-form-item-control-input > .ant-form-item-control-input-content > .ant-input-affix-wrapper > .ant-input').type('teste.e2e');\ncy.get('[data-cy=\"form-item-password\"] > .ant-col > .ant-form-item-control-input > .ant-form-item-control-input-content > .ant-input-affix-wrapper > .ant-input').type('Abcd1234!');\ncy.get('.ant-form-item-control-input-content > .ant-btn').click();\ncy.wait(4000);\ncy.get('.ant-modal-footer > .ant-btn').click();\ncy.get('#rcc-confirm-button').click();\n// Clica no menu cadastro\ncy.get(':nth-child(7) > .ant-menu-submenu-title').click();\n// Clica no sub menu Escala Padrão\ncy.contains('Usuário Empresa').click({\n  force: true\n});\ncy.get('.ant-col > .ant-btn').click({\n  force: true\n});\ncy.wait(4000);\ncy.get('[data-testid=\"button-reset\"]').click({\n  force: true\n});\ncy.get('[data-testid=\"button-submit\"]').click({\n  force: true\n});\n// Pesquisa e limpa o campo de pesquisa\ncy.get('[data-cy=\"form-item-companyOrGroup\"] > .ant-form-item-control > .ant-form-item-control-input > .ant-form-item-control-input-content > .ant-select > .ant-select-selector').click({\n  force: true\n});\ncy.wait(4000);\ncy.get('[label=\"Cittati\"]').click({\n  force: true\n});\ncy.get('[data-testid=\"Select-appCode\"] > .ant-select-selector').click({\n  force: true\n});\ncy.get('[label=\"GOOL System\"]').click({\n  force: true\n});\ncy.get('[data-testid=\"Input-profile\"]').type('Cgate', {\n  force: true\n});\ncy.get('[data-testid=\"Input-login\"]').type('oscar.fw', {\n  force: true\n});\ncy.get('[data-testid=\"Input-userName\"]').type('Oscar', {\n  force: true\n});\ncy.get('[data-testid=\"Select-active\"] > .ant-select-selector').click({\n  force: true\n});\ncy.get('[label=\"Ativo\"]').click({\n  force: true\n});\ncy.get('[data-testid=\"button-submit\"]').click({\n  force: true\n});\ncy.wait(4000);\ncy.get('[data-testid=\"button-reset\"]').click({\n  force: true\n});\n// Incluir Pág Usuário\ncy.get('[data-cy=\"btn-form-add\"]').click({\n  force: true\n});\ncy.get('[data-testid=\"Input-id\"]').type('jonathas.teste', {\n  force: true\n});\ncy.get('[data-testid=\"Input-userName\"]').type('Jonathas.teste', {\n  force: true\n});\ncy.get('[data-testid=\"Input-alternativeEmail\"]').type('jonathas.nascimento@cittati.com.br', {\n  force: true\n});\ncy.get('[data-testid=\"Input-cpf\"]').type('46863465841', {\n  force: true\n});\ncy.get('[data-testid=\"InputPassword-password\"]').type('12345678', {\n  force: true\n});\ncy.get('[data-testid=\"InputPassword-confirmPassword\"]').type('12345678', {\n  force: true\n});\ncy.get('[data-testid=\"Input-quantityDaysPasswordIsValid\"]').type('900', {\n  force: true\n});\ncy.get('[data-testid=\"Select-active\"] > .ant-select-selector').click({\n  force: true\n});\ncy.get('[label=\"Ativo\"]').click({\n  force: true\n});\ncy.get('[data-testid=\"Select-employeeId\"] > .ant-select-selector').click({\n  force: true\n});\ncy.get('[data-testid=\"button-submit\"]').click({\n  force: true\n});\n// Incluir Pág Perfil\ncy.get('[data-testid=\"Custom-companyOrGroup\"] > .ant-select-selector').click({\n  force: true\n});\ncy.wait(4000);\ncy.get('[label=\"Cittati\"] > .ant-select-item-option-content > .company-company-group-select').click({\n  force: true\n});\ncy.get('[data-testid=\"Select-product\"] > .ant-select-selector').click({\n  force: true\n});\ncy.get('[label=\"Auttran\"]').click({\n  force: true\n});\ncy.get('[data-testid=\"Select-profile\"] > .ant-select-selector').click({\n  force: true\n});\ncy.wait(4000);\ncy.get(':nth-child(11) > .ant-select-dropdown > :nth-child(1) > :nth-child(1) > .rc-virtual-list > .rc-virtual-list-holder > :nth-child(1) > .rc-virtual-list-holder-inner > .ant-select-item-option-active').click({\n  force: true\n});\ncy.get('.ant-col > div > .ant-btn').click({\n  force: true\n});\ncy.get('[style=\"padding-left: 5px; padding-right: 5px; text-align: right; margin-top: 20px; padding-top: 8px; gap: 6px; display: flex; justify-content: flex-end;\"] > :nth-child(1)').click({\n  force: true\n});\ncy.get('[data-testid=\"button-submit\"]').click({\n  force: true\n});\ncy.wait(4000);\ncy.get('[style=\"padding-left: 5px; padding-right: 5px; text-align: right; margin-top: 20px; padding-top: 8px; gap: 6px; display: flex; justify-content: flex-end;\"] > :nth-child(2)').click({\n  force: true\n});\n// Incluir Visibilidade",
              "err": {
                "message": "CypressError: The following error originated from your application code, not from Cypress. It was caused by an unhandled promise rejection.\n\n  > invalid_authenticate\n\nWhen Cypress detects uncaught errors originating from your application it will automatically fail the current test.\n\nThis behavior is configurable, and you can choose to turn this off by listening to the `uncaught:exception` event.\n\nhttps://on.cypress.io/uncaught-exception-from-application",
                "estack": "CypressError: The following error originated from your application code, not from Cypress. It was caused by an unhandled promise rejection.\n\n  > invalid_authenticate\n\nWhen Cypress detects uncaught errors originating from your application it will automatically fail the current test.\n\nThis behavior is configurable, and you can choose to turn this off by listening to the `uncaught:exception` event.\n\nhttps://on.cypress.io/uncaught-exception-from-application\nError: The following error originated from your application code, not from Cypress. It was caused by an unhandled promise rejection.\n\n  > invalid_authenticate\n\nWhen Cypress detects uncaught errors originating from your application it will automatically fail the current test.\n\nThis behavior is configurable, and you can choose to turn this off by listening to the `uncaught:exception` event.\n\nhttps://on.cypress.io/uncaught-exception-from-application\nAxiosError: Request failed with status code 400\n    at Et (http://10.10.50.48:3102/static/js/7674.b0f5c5d0.chunk.js:2:815662)\n    at XMLHttpRequest.v (http://10.10.50.48:3102/static/js/7674.b0f5c5d0.chunk.js:2:820240)",
                "diff": null
              },
              "uuid": "1ba8c9b2-32c7-4252-995b-b8497a33d941",
              "parentUUID": "a188b055-3b85-458f-a8f8-fb9e9c6ddfec",
              "isHook": false,
              "skipped": false
            }
          ],
          "suites": [],
          "passes": [],
          "failures": [
            "1ba8c9b2-32c7-4252-995b-b8497a33d941"
          ],
          "pending": [],
          "skipped": [],
          "duration": 5508,
          "root": false,
          "rootEmpty": false,
          "_timeout": 2000
        }
      ],
      "passes": [],
      "failures": [],
      "pending": [],
      "skipped": [],
      "duration": 0,
      "root": true,
      "rootEmpty": true,
      "_timeout": 2000
    }
  ],
  "meta": {
    "mocha": {
      "version": "7.2.0"
    },
    "mochawesome": {
      "options": {
        "quiet": true,
        "reportFilename": "mochawesome",
        "saveHtml": false,
        "saveJson": true,
        "consoleReporter": "spec",
        "useInlineDiffs": false,
        "code": true
      },
      "version": "7.1.3"
    },
    "marge": {
      "options": {
        "reportDir": "cypress\\reports\\.jsons",
        "charts": true,
        "reportPageTitle": "Relatório E2E",
        "embeddedScreenshots": true,
        "inlineAssets": true,
        "quiet": true,
        "overwrite": false,
        "html": false,
        "json": true
      },
      "version": "6.2.0"
    }
  }
}