{
  "stats": {
    "suites": 1,
    "tests": 1,
    "passes": 1,
    "pending": 0,
    "failures": 0,
    "start": "2025-09-04T17:00:47.825Z",
    "end": "2025-09-04T17:01:41.503Z",
    "duration": 53678,
    "testsRegistered": 1,
    "passPercent": 100,
    "pendingPercent": 0,
    "other": 0,
    "hasOther": false,
    "skipped": 0,
    "hasSkipped": false
  },
  "results": [
    {
      "uuid": "670cce82-5bd4-4014-aa1b-d8f905c51ad7",
      "title": "",
      "fullFile": "cypress\\e2e\\Menu - 01 Cadastro\\0111 - Garagem.cy.js",
      "file": "cypress\\e2e\\Menu - 01 Cadastro\\0111 - Garagem.cy.js",
      "beforeHooks": [],
      "afterHooks": [],
      "tests": [],
      "suites": [
        {
          "uuid": "5bc7ac52-a8b1-4dfa-ab1e-b03fb78d161b",
          "title": "Acessando a página do Flits",
          "fullFile": "",
          "file": "",
          "beforeHooks": [],
          "afterHooks": [],
          "tests": [
            {
              "title": "Deve visitar a página do Flits",
              "fullTitle": "Acessando a página do Flits Deve visitar a página do Flits",
              "timedOut": null,
              "duration": 51097,
              "state": "passed",
              "speed": "slow",
              "pass": true,
              "fail": false,
              "pending": false,
              "context": "{\n  \"title\": \"cypress-mochawesome-reporter-videos-passed\",\n  \"value\": \"cypress\\\\e2e\\\\Menu - 01 Cadastro\\\\0111 - Garagem.cy.js\"\n}",
              "code": "cy.visit('http://10.10.50.48:3102/');\ncy.get('[data-cy=\"form-item-username\"] > .ant-col > .ant-form-item-control-input > .ant-form-item-control-input-content > .ant-input-affix-wrapper > .ant-input').type('jonathas.nascimento');\ncy.get('[data-cy=\"form-item-password\"] > .ant-col > .ant-form-item-control-input > .ant-form-item-control-input-content > .ant-input-affix-wrapper > .ant-input').type('20252025@Mtzero');\ncy.get('.ant-form-item-control-input-content > .ant-btn').click();\ncy.wait(8000);\ncy.get('.ant-modal-footer > :nth-child(2)').click();\ncy.wait(4000);\ncy.get('#rcc-confirm-button').click();\n// Clica no menu cadastro\ncy.get(':nth-child(1) > .ant-menu-submenu-title').click();\n// Clica no sub menu Escala Padrão\ncy.contains('Garagem').click({\n  force: true\n});\ncy.get('.ant-col > .ant-btn').click({\n  force: true\n});\ncy.wait(4000);\n// Clica no botão adicionar +\ncy.get('[data-cy=\"btn-form-add\"]').click({\n  force: true\n});\ncy.wait(4000);\ncy.get('[data-testid=\"Input-name\"]').type('Testador 1', {\n  force: true\n});\ncy.get('[data-testid=\"Input-responsable\"]').type('Teste E2E Garagem', {\n  force: true\n});\ncy.get('[data-testid=\"Input-address\"]').type('Teste E2E Garagem', {\n  force: true\n});\ncy.wait(4000);\ncy.get('[data-testid=\"Input-phone\"]').type('11958862358', {\n  force: true\n});\ncy.get('[data-testid=\"Input-shortName\"]').type('Teste E2E Garagem', {\n  force: true\n});\ncy.get('[data-testid=\"Checkbox-main\"]').click({\n  force: true\n});\ncy.get('[data-testid=\"Checkbox-calculateFenceGarage\"]').click({\n  force: true\n});\ncy.wait(4000);\ncy.get('[data-testid=\"button-cancel\"]').click({\n  force: true\n});\n// Testa botão pesquisar e limpar\ncy.get('[data-testid=\"Input-name\"]').type('citatti 2', {\n  force: true\n});\ncy.get('[data-testid=\"Input-address\"]').type('Estrada Turística Do Jaraguá, São Paulo - São Paulo, 05161-000, Brasil', {\n  force: true\n});\ncy.get('[data-testid=\"Input-responsable\"]').type('jonathas', {\n  force: true\n});\ncy.get('[data-testid=\"button-submit\"]').click({\n  force: true\n});\ncy.wait(4000);\ncy.get('[data-testid=\"button-reset\"]').click({\n  force: true\n});",
              "err": {},
              "uuid": "8800e03e-2b78-4f40-858d-4ce21fb1bd34",
              "parentUUID": "5bc7ac52-a8b1-4dfa-ab1e-b03fb78d161b",
              "isHook": false,
              "skipped": false
            }
          ],
          "suites": [],
          "passes": [
            "8800e03e-2b78-4f40-858d-4ce21fb1bd34"
          ],
          "failures": [],
          "pending": [],
          "skipped": [],
          "duration": 51097,
          "root": false,
          "rootEmpty": false,
          "_timeout": 2000
        }
      ],
      "passes": [],
      "failures": [],
      "pending": [],
      "skipped": [],
      "duration": 0,
      "root": true,
      "rootEmpty": true,
      "_timeout": 2000
    }
  ],
  "meta": {
    "mocha": {
      "version": "7.2.0"
    },
    "mochawesome": {
      "options": {
        "quiet": true,
        "reportFilename": "mochawesome",
        "saveHtml": false,
        "saveJson": true,
        "consoleReporter": "spec",
        "useInlineDiffs": false,
        "code": true
      },
      "version": "7.1.3"
    },
    "marge": {
      "options": {
        "reportDir": "cypress\\reports\\.jsons",
        "charts": true,
        "reportPageTitle": "Relatório E2E",
        "embeddedScreenshots": true,
        "inlineAssets": true,
        "quiet": true,
        "overwrite": false,
        "html": false,
        "json": true
      },
      "version": "6.2.0"
    }
  }
}