{
  "stats": {
    "suites": 1,
    "tests": 1,
    "passes": 0,
    "pending": 0,
    "failures": 1,
    "start": "2025-09-04T16:58:34.929Z",
    "end": "2025-09-04T16:58:42.449Z",
    "duration": 7520,
    "testsRegistered": 1,
    "passPercent": 0,
    "pendingPercent": 0,
    "other": 0,
    "hasOther": false,
    "skipped": 0,
    "hasSkipped": false
  },
  "results": [
    {
      "uuid": "981416fd-72d1-4f49-a340-98174e3687e8",
      "title": "",
      "fullFile": "cypress\\e2e\\Menu - 02 Configuração\\0206 - Ponto Geográfico.cy.js",
      "file": "cypress\\e2e\\Menu - 02 Configuração\\0206 - Ponto Geográfico.cy.js",
      "beforeHooks": [],
      "afterHooks": [],
      "tests": [],
      "suites": [
        {
          "uuid": "93c45137-2487-4e81-ae2f-b1ad861e438e",
          "title": "Acessando a página do Flits",
          "fullFile": "",
          "file": "",
          "beforeHooks": [],
          "afterHooks": [],
          "tests": [
            {
              "title": "Deve visitar a página do Flits",
              "fullTitle": "Acessando a página do Flits Deve visitar a página do Flits",
              "timedOut": null,
              "duration": 5911,
              "state": "failed",
              "speed": null,
              "pass": false,
              "fail": true,
              "pending": false,
              "context": "[\n  {\n    \"title\": \"cypress-mochawesome-reporter-videos-failed\",\n    \"value\": \"cypress\\\\e2e\\\\Menu - 02 Configuração\\\\0206 - Ponto Geográfico.cy.js\"\n  },\n  {\n    \"title\": \"cypress-mochawesome-reporter-screenshots\",\n    \"value\": [\n      [\n        \"\\\\Menu - 02 Configuração\\\\0206 - Ponto Geográfico.cy.js\\\\Acessando a página do Flits -- Deve visitar a página do Flits (failed).png\"\n      ]\n    ]\n  }\n]",
              "code": "cy.visit('http://10.10.50.48:3102/');\ncy.get('[data-cy=\"form-item-username\"] > .ant-col > .ant-form-item-control-input > .ant-form-item-control-input-content > .ant-input-affix-wrapper > .ant-input').type('teste.e2e');\ncy.get('[data-cy=\"form-item-password\"] > .ant-col > .ant-form-item-control-input > .ant-form-item-control-input-content > .ant-input-affix-wrapper > .ant-input').type('Abcd1234!');\ncy.get('.ant-form-item-control-input-content > .ant-btn').click();\ncy.wait(4000);\ncy.get('.ant-modal-footer > .ant-btn').click();\ncy.get('#rcc-confirm-button').click();\n// Clica no menu cadastro\ncy.get(':nth-child(2) > .ant-menu-submenu-title').click();\n// Clica no sub menu Escala Padrão\ncy.contains('Ponto Geográfico').click({\n  force: true\n});\ncy.get('.ant-col > .ant-btn').click({\n  force: true\n});\ncy.wait(4000);\n// Empresa\ncy.get('[data-testid=\"Select-companyId\"] > .ant-select-selector').click({\n  force: true\n});\ncy.get('[label=\"Osasco Matriz Intermunicipal\"] > .ant-select-item-option-content > div').click({\n  force: true\n});\n// Linha\ncy.get('[data-testid=\"Select-companyLineId\"] > .ant-select-selector').click({\n  force: true\n});\ncy.get('[style=\"height: 928px; position: relative; overflow: hidden;\"] > .rc-virtual-list-holder-inner > .ant-select-item-option-active > .ant-select-item-option-content > div > :nth-child(1)').click({\n  force: true\n});\n// Código\ncy.get('[data-testid=\"Input-id\"]').type('152266746', {\n  force: true\n});\ncy.get('[data-testid=\"Input-name\"]').type('T. Butanta', {\n  force: true\n});\ncy.get('[data-testid=\"Input-address\"]').type('Avenida Vital Brasil 461, São Paulo - São Paulo, 05503-001, Brasil', {\n  force: true\n});\ncy.get('[data-testid=\"button-submit\"]').click({\n  force: true\n});\ncy.wait(2000);\n// Download pdf, excel e kmz\ncy.get('.anticon-file-pdf').click({\n  force: true\n});\ncy.wait(4000);\ncy.get('.anticon-file-excel').click({\n  force: true\n});\ncy.wait(4000);\n// Executa o botão limpar\ncy.get('[data-testid=\"button-reset\"]').click({\n  force: true\n});\ncy.wait(4000);",
              "err": {
                "message": "CypressError: The following error originated from your application code, not from Cypress. It was caused by an unhandled promise rejection.\n\n  > invalid_authenticate\n\nWhen Cypress detects uncaught errors originating from your application it will automatically fail the current test.\n\nThis behavior is configurable, and you can choose to turn this off by listening to the `uncaught:exception` event.\n\nhttps://on.cypress.io/uncaught-exception-from-application",
                "estack": "CypressError: The following error originated from your application code, not from Cypress. It was caused by an unhandled promise rejection.\n\n  > invalid_authenticate\n\nWhen Cypress detects uncaught errors originating from your application it will automatically fail the current test.\n\nThis behavior is configurable, and you can choose to turn this off by listening to the `uncaught:exception` event.\n\nhttps://on.cypress.io/uncaught-exception-from-application\nError: The following error originated from your application code, not from Cypress. It was caused by an unhandled promise rejection.\n\n  > invalid_authenticate\n\nWhen Cypress detects uncaught errors originating from your application it will automatically fail the current test.\n\nThis behavior is configurable, and you can choose to turn this off by listening to the `uncaught:exception` event.\n\nhttps://on.cypress.io/uncaught-exception-from-application\nAxiosError: Request failed with status code 400\n    at Et (http://10.10.50.48:3102/static/js/7674.b0f5c5d0.chunk.js:2:815662)\n    at XMLHttpRequest.v (http://10.10.50.48:3102/static/js/7674.b0f5c5d0.chunk.js:2:820240)",
                "diff": null
              },
              "uuid": "8404615c-bf57-47a4-a799-fcc059be1f5a",
              "parentUUID": "93c45137-2487-4e81-ae2f-b1ad861e438e",
              "isHook": false,
              "skipped": false
            }
          ],
          "suites": [],
          "passes": [],
          "failures": [
            "8404615c-bf57-47a4-a799-fcc059be1f5a"
          ],
          "pending": [],
          "skipped": [],
          "duration": 5911,
          "root": false,
          "rootEmpty": false,
          "_timeout": 2000
        }
      ],
      "passes": [],
      "failures": [],
      "pending": [],
      "skipped": [],
      "duration": 0,
      "root": true,
      "rootEmpty": true,
      "_timeout": 2000
    }
  ],
  "meta": {
    "mocha": {
      "version": "7.2.0"
    },
    "mochawesome": {
      "options": {
        "quiet": true,
        "reportFilename": "mochawesome",
        "saveHtml": false,
        "saveJson": true,
        "consoleReporter": "spec",
        "useInlineDiffs": false,
        "code": true
      },
      "version": "7.1.3"
    },
    "marge": {
      "options": {
        "reportDir": "cypress\\reports\\.jsons",
        "charts": true,
        "reportPageTitle": "Relatório E2E",
        "embeddedScreenshots": true,
        "inlineAssets": true,
        "quiet": true,
        "overwrite": false,
        "html": false,
        "json": true
      },
      "version": "6.2.0"
    }
  }
}