{
  "stats": {
    "suites": 1,
    "tests": 1,
    "passes": 0,
    "pending": 0,
    "failures": 1,
    "start": "2025-09-04T17:08:37.694Z",
    "end": "2025-09-04T17:08:53.710Z",
    "duration": 16016,
    "testsRegistered": 1,
    "passPercent": 0,
    "pendingPercent": 0,
    "other": 0,
    "hasOther": false,
    "skipped": 0,
    "hasSkipped": false
  },
  "results": [
    {
      "uuid": "d9484e5b-9d0a-4577-8ba2-ab2307d2142b",
      "title": "",
      "fullFile": "cypress\\e2e\\teste\\teste OS.cy.js",
      "file": "cypress\\e2e\\teste\\teste OS.cy.js",
      "beforeHooks": [],
      "afterHooks": [],
      "tests": [],
      "suites": [
        {
          "uuid": "593547e0-3198-48dc-8f01-3be595cea99b",
          "title": "Acessando a página do Flits",
          "fullFile": "",
          "file": "",
          "beforeHooks": [],
          "afterHooks": [],
          "tests": [
            {
              "title": "Deve visitar a página do Flits",
              "fullTitle": "Acessando a página do Flits Deve visitar a página do Flits",
              "timedOut": null,
              "duration": 13721,
              "state": "failed",
              "speed": null,
              "pass": false,
              "fail": true,
              "pending": false,
              "context": "[\n  {\n    \"title\": \"cypress-mochawesome-reporter-videos-failed\",\n    \"value\": \"cypress\\\\e2e\\\\teste\\\\teste OS.cy.js\"\n  },\n  {\n    \"title\": \"cypress-mochawesome-reporter-screenshots\",\n    \"value\": [\n      [\n        \"\\\\teste\\\\teste OS.cy.js\\\\Acessando a página do Flits -- Deve visitar a página do Flits (failed).png\"\n      ]\n    ]\n  }\n]",
              "code": "cy.visit('http://10.10.50.48:3106/login');\ncy.get('[data-cy=\"form-item-username\"] > .ant-col > .ant-form-item-control-input > .ant-form-item-control-input-content > .ant-input-affix-wrapper > .ant-input').type('Jonathas.nascimento');\ncy.get('[data-cy=\"form-item-password\"] > .ant-col > .ant-form-item-control-input > .ant-form-item-control-input-content > .ant-input-affix-wrapper > .ant-input').type('20252025@Mtzero');\ncy.get('.ant-form-item-control-input-content > .ant-btn').click();\ncy.wait(4000);\ncy.get('.ant-modal-footer > .ant-btn').click();\ncy.get('[data-testid=\"17\"] > .sc-eEhoOH').click({\n  force: true\n});\ncy.get('[data-testid=\"1702\"] > .sc-eEhoOH > .title').click({\n  force: true\n});\ncy.get('[data-testid=\"button-submit\"] > :nth-child(2)').click({\n  force: true\n});\ncy.wait(4000);\n//Preenche o nome do tecnico\ncy.get('[data-testid=\"Custom-\"] > .ant-btn').click({\n  force: true\n});\ncy.get('#rc_select_11').type('Jonathas Nascimento');\ncy.get('.ant-select-item-option-content > div > :nth-child(1)').click({\n  force: true\n});\n// preenche o campo endereço\ncy.get('[data-testid=\"Input-address\"]').type('Rua Teste, 123, Bairro Exemplo, Cidade Exemplo', {\n  force: true\n});\ncy.get('[data-testid=\"Input-neighborhood\"]').type('Bairro Exemplo', {\n  force: true\n});\ncy.get('[data-testid=\"Select-companyId\"] > .ant-select-selector').click({\n  force: true\n});\ncy.get('[label=\"Capellini - BUS +\"] > .ant-select-item-option-content > div > :nth-child(1)').click({\n  force: true\n});\ncy.get('#rc_select_13').click({\n  force: true\n});\ncy.get('[label=\"604 - Paulínia (Rodoshopping) / Campinas (TMC)\"] > .ant-select-item-option-content > div > :nth-child(1)').click({\n  force: true\n});\ncy.get('[data-cy=\"DatePicker-date\"]').type('30/08/2025', {\n  force: true\n});\ncy.get('.ant-picker-cell-today').click({\n  force: true\n});",
              "err": {
                "message": "AssertionError: Timed out retrying after 4000ms: Expected to find element: `.ant-modal-footer > .ant-btn`, but never found it.",
                "estack": "AssertionError: Timed out retrying after 4000ms: Expected to find element: `.ant-modal-footer > .ant-btn`, but never found it.\n    at Context.eval (webpack://projeto-cypress-2.0/./cypress/e2e/teste/teste OS.cy.js:10:7)",
                "diff": null
              },
              "uuid": "90f7d134-dacf-47df-93fd-92767a60e3c0",
              "parentUUID": "593547e0-3198-48dc-8f01-3be595cea99b",
              "isHook": false,
              "skipped": false
            }
          ],
          "suites": [],
          "passes": [],
          "failures": [
            "90f7d134-dacf-47df-93fd-92767a60e3c0"
          ],
          "pending": [],
          "skipped": [],
          "duration": 13721,
          "root": false,
          "rootEmpty": false,
          "_timeout": 2000
        }
      ],
      "passes": [],
      "failures": [],
      "pending": [],
      "skipped": [],
      "duration": 0,
      "root": true,
      "rootEmpty": true,
      "_timeout": 2000
    }
  ],
  "meta": {
    "mocha": {
      "version": "7.2.0"
    },
    "mochawesome": {
      "options": {
        "quiet": true,
        "reportFilename": "mochawesome",
        "saveHtml": false,
        "saveJson": true,
        "consoleReporter": "spec",
        "useInlineDiffs": false,
        "code": true
      },
      "version": "7.1.3"
    },
    "marge": {
      "options": {
        "reportDir": "cypress\\reports\\.jsons",
        "charts": true,
        "reportPageTitle": "Relatório E2E",
        "embeddedScreenshots": true,
        "inlineAssets": true,
        "quiet": true,
        "overwrite": false,
        "html": false,
        "json": true
      },
      "version": "6.2.0"
    }
  }
}