{
  "stats": {
    "suites": 1,
    "tests": 1,
    "passes": 1,
    "pending": 0,
    "failures": 0,
    "start": "2025-09-04T16:59:49.279Z",
    "end": "2025-09-04T17:00:44.231Z",
    "duration": 54952,
    "testsRegistered": 1,
    "passPercent": 100,
    "pendingPercent": 0,
    "other": 0,
    "hasOther": false,
    "skipped": 0,
    "hasSkipped": false
  },
  "results": [
    {
      "uuid": "38555a88-63fc-4f52-9b0d-c6e4ebcba6f3",
      "title": "",
      "fullFile": "cypress\\e2e\\Menu - 01 Cadastro\\0110 - Escala.cy.js",
      "file": "cypress\\e2e\\Menu - 01 Cadastro\\0110 - Escala.cy.js",
      "beforeHooks": [],
      "afterHooks": [],
      "tests": [],
      "suites": [
        {
          "uuid": "50ab65d6-6076-4588-97d0-ae1bca07f53f",
          "title": "Acessando a página do Flits",
          "fullFile": "",
          "file": "",
          "beforeHooks": [],
          "afterHooks": [],
          "tests": [
            {
              "title": "Deve visitar a página do Flits",
              "fullTitle": "Acessando a página do Flits Deve visitar a página do Flits",
              "timedOut": null,
              "duration": 53218,
              "state": "passed",
              "speed": "slow",
              "pass": true,
              "fail": false,
              "pending": false,
              "context": "{\n  \"title\": \"cypress-mochawesome-reporter-videos-passed\",\n  \"value\": \"cypress\\\\e2e\\\\Menu - 01 Cadastro\\\\0110 - Escala.cy.js\"\n}",
              "code": "cy.visit('http://10.10.50.48:3102/');\ncy.get('[data-cy=\"form-item-username\"] > .ant-col > .ant-form-item-control-input > .ant-form-item-control-input-content > .ant-input-affix-wrapper > .ant-input').type('jonathas.nascimento');\ncy.get('[data-cy=\"form-item-password\"] > .ant-col > .ant-form-item-control-input > .ant-form-item-control-input-content > .ant-input-affix-wrapper > .ant-input').type('20252025@Mtzero');\ncy.get('.ant-form-item-control-input-content > .ant-btn').click();\ncy.wait(8000);\ncy.get('.ant-modal-footer > :nth-child(2)').click();\ncy.wait(4000);\ncy.get('#rcc-confirm-button').click();\n// Clica no menu cadastro\ncy.get(':nth-child(1) > .ant-menu-submenu-title').click();\n// Clica no sub menu Escala Padrão\ncy.contains('Escala Padrão').click({\n  force: true\n});\ncy.get('.ant-col > .ant-btn').click({\n  force: true\n});\ncy.wait(4000);\ncy.get('[data-cy=\"btn-form-add\"]').click({\n  force: true\n});\ncy.wait(4000);\ncy.get(':nth-child(1) > .ant-checkbox > .ant-checkbox-input').click({\n  force: true\n});\ncy.get(':nth-child(2) > .ant-checkbox > .ant-checkbox-input').click({\n  force: true\n});\ncy.get(':nth-child(3) > .ant-checkbox > .ant-checkbox-input').click({\n  force: true\n});\ncy.get(':nth-child(4) > .ant-checkbox > .ant-checkbox-input').click({\n  force: true\n});\ncy.get('[data-cy=\"form-item-startDate\"] > .ant-form-item-control > .ant-form-item-control-input > .ant-form-item-control-input-content > .ant-picker').click({\n  force: true\n});\n// Seleciona a data de início\ncy.get('[title=\"2025-09-04\"]').should('be.visible').click({\n  force: true\n});\ncy.wait(2000);\n// Abre o calendário do campo de data final\ncy.get('[data-cy=\"DatePicker-endDate\"]').click({\n  force: true\n});\n// Seleciona a data de fim\ncy.wait(2000);\ncy.get(':nth-child(10) > .ant-picker-dropdown > .ant-picker-panel-container > .ant-picker-panel-layout > :nth-child(1) > .ant-picker-panel > .ant-picker-date-panel > .ant-picker-body > .ant-picker-content > tbody > :nth-child(1) > .ant-picker-cell-today').click({\n  force: true\n});\ncy.get('[data-testid=\"Select-companyLineId\"] > .ant-select-selector').click({\n  force: true\n});\nconst optionsToSelect = ['10010 / Paese'];\ncy.contains('10010 / Paese').click({\n  force: true\n});\ncy.get('[data-testid=\"Select-companyVehicleId\"] > .ant-select-selector > .ant-select-selection-wrap > .ant-select-selection-search').click({\n  force: true\n});\ncy.get('[label=\"63002\"] > .ant-select-item-option-content > div > :nth-child(1)').click({\n  force: true\n});\ncy.wait(4000);\n// Hora Inicial\ncy.get('[data-cy=\"form-item-beginTime\"] > .ant-form-item-control > .ant-form-item-control-input > .ant-form-item-control-input-content > .ant-picker > .ant-picker-input').click({\n  force: true\n});\ncy.get(':nth-child(13) > .ant-picker-dropdown > .ant-picker-panel-container > .ant-picker-panel-layout > :nth-child(1) > .ant-picker-footer > .ant-picker-ranges > .ant-picker-now > .ant-picker-now-btn').click({\n  force: true\n});\ncy.get('.content-form > .ant-btn').click({\n  force: true\n});\ncy.wait(4000);\ncy.get('[data-testid=\"button-cancel\"]').click({\n  force: true\n});\ncy.get('.anticon-file-pdf').click({\n  force: true\n});\ncy.wait(5000);\ncy.get('.anticon-file-excel').click({\n  force: true\n});\ncy.wait(5000);",
              "err": {},
              "uuid": "838bceb1-53fb-4e21-876a-520dfc2a7deb",
              "parentUUID": "50ab65d6-6076-4588-97d0-ae1bca07f53f",
              "isHook": false,
              "skipped": false
            }
          ],
          "suites": [],
          "passes": [
            "838bceb1-53fb-4e21-876a-520dfc2a7deb"
          ],
          "failures": [],
          "pending": [],
          "skipped": [],
          "duration": 53218,
          "root": false,
          "rootEmpty": false,
          "_timeout": 2000
        }
      ],
      "passes": [],
      "failures": [],
      "pending": [],
      "skipped": [],
      "duration": 0,
      "root": true,
      "rootEmpty": true,
      "_timeout": 2000
    }
  ],
  "meta": {
    "mocha": {
      "version": "7.2.0"
    },
    "mochawesome": {
      "options": {
        "quiet": true,
        "reportFilename": "mochawesome",
        "saveHtml": false,
        "saveJson": true,
        "consoleReporter": "spec",
        "useInlineDiffs": false,
        "code": true
      },
      "version": "7.1.3"
    },
    "marge": {
      "options": {
        "reportDir": "cypress\\reports\\.jsons",
        "charts": true,
        "reportPageTitle": "Relatório E2E",
        "embeddedScreenshots": true,
        "inlineAssets": true,
        "quiet": true,
        "overwrite": false,
        "html": false,
        "json": true
      },
      "version": "6.2.0"
    }
  }
}