{
  "stats": {
    "suites": 1,
    "tests": 1,
    "passes": 0,
    "pending": 0,
    "failures": 1,
    "start": "2025-09-04T17:01:44.703Z",
    "end": "2025-09-04T17:01:51.754Z",
    "duration": 7051,
    "testsRegistered": 1,
    "passPercent": 0,
    "pendingPercent": 0,
    "other": 0,
    "hasOther": false,
    "skipped": 0,
    "hasSkipped": false
  },
  "results": [
    {
      "uuid": "56479e4a-d3cd-424d-9b66-6e7d00734423",
      "title": "",
      "fullFile": "cypress\\e2e\\Menu - 01 Cadastro\\0112 - Atendimento.cy.js",
      "file": "cypress\\e2e\\Menu - 01 Cadastro\\0112 - Atendimento.cy.js",
      "beforeHooks": [],
      "afterHooks": [],
      "tests": [],
      "suites": [
        {
          "uuid": "b2ee5a84-272a-4306-ab72-5ca7739e52a3",
          "title": "Acessando a página do Flits",
          "fullFile": "",
          "file": "",
          "beforeHooks": [],
          "afterHooks": [],
          "tests": [
            {
              "title": "Deve visitar a página do Flits",
              "fullTitle": "Acessando a página do Flits Deve visitar a página do Flits",
              "timedOut": null,
              "duration": 5370,
              "state": "failed",
              "speed": null,
              "pass": false,
              "fail": true,
              "pending": false,
              "context": "[\n  {\n    \"title\": \"cypress-mochawesome-reporter-videos-failed\",\n    \"value\": \"cypress\\\\e2e\\\\Menu - 01 Cadastro\\\\0112 - Atendimento.cy.js\"\n  },\n  {\n    \"title\": \"cypress-mochawesome-reporter-screenshots\",\n    \"value\": [\n      [\n        \"\\\\Menu - 01 Cadastro\\\\0112 - Atendimento.cy.js\\\\Acessando a página do Flits -- Deve visitar a página do Flits (failed).png\"\n      ]\n    ]\n  }\n]",
              "code": "cy.visit('http://10.10.50.48:3102/');\ncy.get('[data-cy=\"form-item-username\"] > .ant-col > .ant-form-item-control-input > .ant-form-item-control-input-content > .ant-input-affix-wrapper > .ant-input').type('teste.e2e');\ncy.get('[data-cy=\"form-item-password\"] > .ant-col > .ant-form-item-control-input > .ant-form-item-control-input-content > .ant-input-affix-wrapper > .ant-input').type('Abcd1234!');\ncy.get('.ant-form-item-control-input-content > .ant-btn').click();\ncy.wait(4000);\ncy.get('.ant-modal-footer > .ant-btn').click();\ncy.get('#rcc-confirm-button').click();\n// Clica no menu cadastro\ncy.get(':nth-child(1) > .ant-menu-submenu-title').click();\n// Clica no sub menu Escala Padrão\ncy.contains('Atendimento').click({\n  force: true\n});\ncy.get('.ant-col > .ant-btn').click({\n  force: true\n});\ncy.wait(4000);\n// Clica no botão adicionar +\ncy.get('[data-cy=\"btn-form-add\"]').click({\n  force: true\n});\ncy.get('[data-testid=\"Select-type\"] > .ant-select-selector').click({\n  force: true\n});\ncy.contains('Normal').click({\n  force: true\n});\ncy.wait(4000);\ncy.get('[data-testid=\"Select-companyLineId\"] > .ant-select-selector').click({\n  force: true\n});\ncy.wait(2000);\ncy.contains('059 - Osasco (Conj. dos Metalúrgicos) / São Paulo (Metrô Butantã)').click({\n  force: true\n});\ncy.get('[data-testid=\"Input-name\"]').type('Testador 1', {\n  force: true\n});\ncy.get('[data-testid=\"Input-returnName\"]').type('Teste E2E Atendimento', {\n  force: true\n});\ncy.get('[data-testid=\"Input-identifier\"]').type('Teste E2E Atendimento', {\n  force: true\n});\ncy.get('[data-testid=\"Input-suffixERP\"]').type('Teste', {\n  force: true\n});\ncy.get('[data-testid=\"Checkbox-main\"]').click({\n  force: true\n});\ncy.wait(4000);\ncy.get('[data-testid=\"button-cancel\"]').click({\n  force: true\n});\n// Testa botão pesquisar e limpar\ncy.get('[data-testid=\"Select-companyLineId\"] > .ant-select-selector').click({\n  force: true\n});\ncy.contains('059 - Osasco (Conj. dos Metalúrgicos) / São Paulo (Metrô Butantã)').click({\n  force: true\n});\ncy.wait(2000);\ncy.get('[data-testid=\"Select-draft\"] > .ant-select-selector').click({\n  force: true\n});\ncy.get('[label=\"Não\"] > .ant-select-item-option-content > div').click({\n  force: true\n});\ncy.get('[data-testid=\"Select-companyLineId\"] > .ant-select-selector').click({\n  force: true\n});\ncy.wait(2000);\ncy.get('[data-testid=\"Select-main\"] > .ant-select-selector').click({\n  force: true\n});\ncy.get(':nth-child(11) > .ant-select-dropdown > :nth-child(1) > :nth-child(1) > .rc-virtual-list > .rc-virtual-list-holder > :nth-child(1) > .rc-virtual-list-holder-inner > .ant-select-item-option-active > .ant-select-item-option-content > div').click({\n  force: true\n});\ncy.get('[data-testid=\"CheckboxNull-active\"]').click({\n  force: true\n});\ncy.get('[data-testid=\"CheckboxNull-active\"]').click({\n  force: true\n});\ncy.get('[data-cy=\"form-item-tagIds\"] > .ant-form-item-control > .ant-form-item-control-input > .ant-form-item-control-input-content > .ant-select > .ant-select-selector').click({\n  force: true\n});\ncy.wait(4000);\ncy.get('[data-testid=\"button-submit\"]').click({\n  force: true\n});\n// Download pdf, excel e kmz\ncy.get('.anticon-file-pdf').click({\n  force: true\n});\ncy.wait(4000);\ncy.get('.anticon-file-excel').click({\n  force: true\n});\ncy.wait(4000);\ncy.get('.anticon-more').click({\n  force: true\n});\ncy.get('.sc-gAqISa > :nth-child(1)').click({\n  force: true\n});\ncy.wait(4000);\ncy.get('[data-testid=\"button-submit\"]').click({\n  force: true\n});\ncy.wait(2000);",
              "err": {
                "message": "CypressError: The following error originated from your application code, not from Cypress. It was caused by an unhandled promise rejection.\n\n  > invalid_authenticate\n\nWhen Cypress detects uncaught errors originating from your application it will automatically fail the current test.\n\nThis behavior is configurable, and you can choose to turn this off by listening to the `uncaught:exception` event.\n\nhttps://on.cypress.io/uncaught-exception-from-application",
                "estack": "CypressError: The following error originated from your application code, not from Cypress. It was caused by an unhandled promise rejection.\n\n  > invalid_authenticate\n\nWhen Cypress detects uncaught errors originating from your application it will automatically fail the current test.\n\nThis behavior is configurable, and you can choose to turn this off by listening to the `uncaught:exception` event.\n\nhttps://on.cypress.io/uncaught-exception-from-application\nError: The following error originated from your application code, not from Cypress. It was caused by an unhandled promise rejection.\n\n  > invalid_authenticate\n\nWhen Cypress detects uncaught errors originating from your application it will automatically fail the current test.\n\nThis behavior is configurable, and you can choose to turn this off by listening to the `uncaught:exception` event.\n\nhttps://on.cypress.io/uncaught-exception-from-application\nAxiosError: Request failed with status code 400\n    at Et (http://10.10.50.48:3102/static/js/7674.b0f5c5d0.chunk.js:2:815662)\n    at XMLHttpRequest.v (http://10.10.50.48:3102/static/js/7674.b0f5c5d0.chunk.js:2:820240)",
                "diff": null
              },
              "uuid": "1acb2549-6620-4d78-b641-a499e919381c",
              "parentUUID": "b2ee5a84-272a-4306-ab72-5ca7739e52a3",
              "isHook": false,
              "skipped": false
            }
          ],
          "suites": [],
          "passes": [],
          "failures": [
            "1acb2549-6620-4d78-b641-a499e919381c"
          ],
          "pending": [],
          "skipped": [],
          "duration": 5370,
          "root": false,
          "rootEmpty": false,
          "_timeout": 2000
        }
      ],
      "passes": [],
      "failures": [],
      "pending": [],
      "skipped": [],
      "duration": 0,
      "root": true,
      "rootEmpty": true,
      "_timeout": 2000
    }
  ],
  "meta": {
    "mocha": {
      "version": "7.2.0"
    },
    "mochawesome": {
      "options": {
        "quiet": true,
        "reportFilename": "mochawesome",
        "saveHtml": false,
        "saveJson": true,
        "consoleReporter": "spec",
        "useInlineDiffs": false,
        "code": true
      },
      "version": "7.1.3"
    },
    "marge": {
      "options": {
        "reportDir": "cypress\\reports\\.jsons",
        "charts": true,
        "reportPageTitle": "Relatório E2E",
        "embeddedScreenshots": true,
        "inlineAssets": true,
        "quiet": true,
        "overwrite": false,
        "html": false,
        "json": true
      },
      "version": "6.2.0"
    }
  }
}