{
  "stats": {
    "suites": 1,
    "tests": 1,
    "passes": 1,
    "pending": 0,
    "failures": 0,
    "start": "2025-09-04T17:05:16.455Z",
    "end": "2025-09-04T17:08:33.954Z",
    "duration": 197499,
    "testsRegistered": 1,
    "passPercent": 100,
    "pendingPercent": 0,
    "other": 0,
    "hasOther": false,
    "skipped": 0,
    "hasSkipped": false
  },
  "results": [
    {
      "uuid": "be66dabb-e5dd-4a14-80d1-9263627c17e3",
      "title": "",
      "fullFile": "cypress\\e2e\\teste\\0113 - Grupo Linha Fluxo.cy.js",
      "file": "cypress\\e2e\\teste\\0113 - Grupo Linha Fluxo.cy.js",
      "beforeHooks": [],
      "afterHooks": [],
      "tests": [],
      "suites": [
        {
          "uuid": "4765305f-f6b9-4839-8bb8-9ae577e7f030",
          "title": "Acessando a página do Flits",
          "fullFile": "",
          "file": "",
          "beforeHooks": [],
          "afterHooks": [],
          "tests": [
            {
              "title": "Deve visitar a página do Flits",
              "fullTitle": "Acessando a página do Flits Deve visitar a página do Flits",
              "timedOut": null,
              "duration": 194798,
              "state": "passed",
              "speed": "slow",
              "pass": true,
              "fail": false,
              "pending": false,
              "context": "{\n  \"title\": \"cypress-mochawesome-reporter-videos-passed\",\n  \"value\": \"cypress\\\\e2e\\\\teste\\\\0113 - Grupo Linha Fluxo.cy.js\"\n}",
              "code": "cy.visit('http://10.10.50.48:3102/');\ncy.get('[data-cy=\"form-item-username\"] > .ant-col > .ant-form-item-control-input > .ant-form-item-control-input-content > .ant-input-affix-wrapper > .ant-input').type('jonathas.nascimento');\ncy.get('[data-cy=\"form-item-password\"] > .ant-col > .ant-form-item-control-input > .ant-form-item-control-input-content > .ant-input-affix-wrapper > .ant-input').type('20252025@Mtzero');\ncy.get('.ant-form-item-control-input-content > .ant-btn').click();\ncy.wait(4000);\ncy.get('.ant-modal-footer > :nth-child(2)').click();\n//clica no menu cadastro\ncy.get('[data-testid=\"01\"] > .sc-eEhoOH').click();\ncy.wait(4000);\n// sub menu grupo linha\ncy.get('[data-testid=\"0105\"] > .sc-eEhoOH > .title').click();\n// Incluir novo grupo linha\ncy.get('[data-cy=\"btn-form-add\"]').click({\n  force: true\n});\n// Insere uma descrição\ncy.get('[data-testid=\"Input-description\"]').type('1 Rodrigo minervino test', {\n  force: true\n});\ncy.wait(4000);\ncy.get('[data-testid=\"Select-groupType\"] > .ant-select-selector').click({\n  force: true\n});\ncy.get('.ant-select-dropdown:visible').contains('.ant-select-item-option-content', 'Monitoramento').click();\n//seleciona tipo de dia\ncy.get('.ant-checkbox-group > :nth-child(1) > .ant-checkbox > .ant-checkbox-input').click({\n  force: true\n});\ncy.get(':nth-child(2) > .ant-checkbox > .ant-checkbox-input').click({\n  force: true\n});\ncy.get(':nth-child(3) > .ant-checkbox > .ant-checkbox-input').click({\n  force: true\n});\n//Seleciona itens\ncy.get(':nth-child(1) > .ant-transfer-list-header > .ant-checkbox-wrapper > .ant-checkbox > .ant-checkbox-input').click();\ncy.get('.ant-transfer-operation > :nth-child(1)').click();\ncy.get('[data-testid=\"button-submit\"]').click({\n  force: true\n});\n//clica no menu cadastro\ncy.get('[data-testid=\"01\"] > .sc-eEhoOH').click();\ncy.wait(4000);\n// sub menu grupo linha\ncy.get('[data-testid=\"0105\"] > .sc-eEhoOH > .title').click();\n// Incluir novo grupo linha\ncy.get('[data-cy=\"btn-form-add\"]').click({\n  force: true\n});\n// Insere uma descrição\ncy.get('[data-testid=\"Input-description\"]').type('1 Rodrigo minervino test', {\n  force: true\n});\ncy.wait(4000);\ncy.get('[data-testid=\"Select-groupType\"] > .ant-select-selector').click({\n  force: true\n});\ncy.get('.ant-select-dropdown:visible').contains('.ant-select-item-option-content', 'Monitoramento').click();\n//seleciona tipo de dia\ncy.get('.ant-checkbox-group > :nth-child(1) > .ant-checkbox > .ant-checkbox-input').click({\n  force: true\n});\ncy.get(':nth-child(2) > .ant-checkbox > .ant-checkbox-input').click({\n  force: true\n});\ncy.get(':nth-child(3) > .ant-checkbox > .ant-checkbox-input').click({\n  force: true\n});\n//Seleciona itens\ncy.get(':nth-child(1) > .ant-transfer-list-header > .ant-checkbox-wrapper > .ant-checkbox > .ant-checkbox-input').click();\ncy.get('.ant-transfer-operation > :nth-child(1)').click();\ncy.get('[data-testid=\"button-submit\"]').click({\n  force: true\n});\n//clica no menu cadastro\ncy.get('[data-testid=\"01\"] > .sc-eEhoOH').click();\ncy.wait(4000);\n// sub menu grupo linha\ncy.get('[data-testid=\"0105\"] > .sc-eEhoOH > .title').click();\n// Incluir novo grupo linha\ncy.get('[data-cy=\"btn-form-add\"]').click({\n  force: true\n});\n// Insere uma descrição\ncy.get('[data-testid=\"Input-description\"]').type('1 Rodrigo minervino test', {\n  force: true\n});\ncy.wait(4000);\ncy.get('[data-testid=\"Select-groupType\"] > .ant-select-selector').click({\n  force: true\n});\ncy.get('.ant-select-dropdown:visible').contains('.ant-select-item-option-content', 'Monitoramento').click();\n//seleciona tipo de dia\ncy.get('.ant-checkbox-group > :nth-child(1) > .ant-checkbox > .ant-checkbox-input').click({\n  force: true\n});\ncy.get(':nth-child(2) > .ant-checkbox > .ant-checkbox-input').click({\n  force: true\n});\ncy.get(':nth-child(3) > .ant-checkbox > .ant-checkbox-input').click({\n  force: true\n});\n//Seleciona itens\ncy.get(':nth-child(1) > .ant-transfer-list-header > .ant-checkbox-wrapper > .ant-checkbox > .ant-checkbox-input').click();\ncy.get('.ant-transfer-operation > :nth-child(1)').click();\ncy.get('[data-testid=\"button-submit\"]').click({\n  force: true\n});\n//clica no menu cadastro\ncy.get('[data-testid=\"01\"] > .sc-eEhoOH').click();\ncy.wait(4000);\n// sub menu grupo linha\ncy.get('[data-testid=\"0105\"] > .sc-eEhoOH > .title').click();\n// Incluir novo grupo linha\ncy.get('[data-cy=\"btn-form-add\"]').click({\n  force: true\n});\n// Insere uma descrição\ncy.get('[data-testid=\"Input-description\"]').type('1 Rodrigo minervino test', {\n  force: true\n});\ncy.wait(4000);\ncy.get('[data-testid=\"Select-groupType\"] > .ant-select-selector').click({\n  force: true\n});\ncy.get('.ant-select-dropdown:visible').contains('.ant-select-item-option-content', 'Monitoramento').click();\n//seleciona tipo de dia\ncy.get('.ant-checkbox-group > :nth-child(1) > .ant-checkbox > .ant-checkbox-input').click({\n  force: true\n});\ncy.get(':nth-child(2) > .ant-checkbox > .ant-checkbox-input').click({\n  force: true\n});\ncy.get(':nth-child(3) > .ant-checkbox > .ant-checkbox-input').click({\n  force: true\n});\n//Seleciona itens\ncy.get(':nth-child(1) > .ant-transfer-list-header > .ant-checkbox-wrapper > .ant-checkbox > .ant-checkbox-input').click();\ncy.get('.ant-transfer-operation > :nth-child(1)').click();\ncy.get('[data-testid=\"button-submit\"]').click({\n  force: true\n});\n//clica no menu cadastro\ncy.get('[data-testid=\"01\"] > .sc-eEhoOH').click();\ncy.wait(4000);\n// sub menu grupo linha\ncy.get('[data-testid=\"0105\"] > .sc-eEhoOH > .title').click();\n// Incluir novo grupo linha\ncy.get('[data-cy=\"btn-form-add\"]').click({\n  force: true\n});\n// Insere uma descrição\ncy.get('[data-testid=\"Input-description\"]').type('1 Rodrigo minervino test', {\n  force: true\n});\ncy.wait(4000);\ncy.get('[data-testid=\"Select-groupType\"] > .ant-select-selector').click({\n  force: true\n});\ncy.get('.ant-select-dropdown:visible').contains('.ant-select-item-option-content', 'Monitoramento').click();\n//seleciona tipo de dia\ncy.get('.ant-checkbox-group > :nth-child(1) > .ant-checkbox > .ant-checkbox-input').click({\n  force: true\n});\ncy.get(':nth-child(2) > .ant-checkbox > .ant-checkbox-input').click({\n  force: true\n});\ncy.get(':nth-child(3) > .ant-checkbox > .ant-checkbox-input').click({\n  force: true\n});\n//Seleciona itens\ncy.get(':nth-child(1) > .ant-transfer-list-header > .ant-checkbox-wrapper > .ant-checkbox > .ant-checkbox-input').click();\ncy.get('.ant-transfer-operation > :nth-child(1)').click();\ncy.get('[data-testid=\"button-submit\"]').click({\n  force: true\n});\n//clica no menu cadastro\ncy.get('[data-testid=\"01\"] > .sc-eEhoOH').click();\ncy.wait(4000);\n// sub menu grupo linha\ncy.get('[data-testid=\"0105\"] > .sc-eEhoOH > .title').click();\n// Incluir novo grupo linha\ncy.get('[data-cy=\"btn-form-add\"]').click({\n  force: true\n});\n// Insere uma descrição\ncy.get('[data-testid=\"Input-description\"]').type('1 Rodrigo minervino test', {\n  force: true\n});\ncy.wait(4000);\ncy.get('[data-testid=\"Select-groupType\"] > .ant-select-selector').click({\n  force: true\n});\ncy.get('.ant-select-dropdown:visible').contains('.ant-select-item-option-content', 'Monitoramento').click();\n//seleciona tipo de dia\ncy.get('.ant-checkbox-group > :nth-child(1) > .ant-checkbox > .ant-checkbox-input').click({\n  force: true\n});\ncy.get(':nth-child(2) > .ant-checkbox > .ant-checkbox-input').click({\n  force: true\n});\ncy.get(':nth-child(3) > .ant-checkbox > .ant-checkbox-input').click({\n  force: true\n});\n//Seleciona itens\ncy.get(':nth-child(1) > .ant-transfer-list-header > .ant-checkbox-wrapper > .ant-checkbox > .ant-checkbox-input').click();\ncy.get('.ant-transfer-operation > :nth-child(1)').click();\ncy.get('[data-testid=\"button-submit\"]').click({\n  force: true\n});\n//clica no menu cadastro\ncy.get('[data-testid=\"01\"] > .sc-eEhoOH').click();\ncy.wait(4000);\n// sub menu grupo linha\ncy.get('[data-testid=\"0105\"] > .sc-eEhoOH > .title').click();\n// Incluir novo grupo linha\ncy.get('[data-cy=\"btn-form-add\"]').click({\n  force: true\n});\n// Insere uma descrição\ncy.get('[data-testid=\"Input-description\"]').type('1 Rodrigo minervino test', {\n  force: true\n});\ncy.wait(4000);\ncy.get('[data-testid=\"Select-groupType\"] > .ant-select-selector').click({\n  force: true\n});\ncy.get('.ant-select-dropdown:visible').contains('.ant-select-item-option-content', 'Monitoramento').click();\n//seleciona tipo de dia\ncy.get('.ant-checkbox-group > :nth-child(1) > .ant-checkbox > .ant-checkbox-input').click({\n  force: true\n});\ncy.get(':nth-child(2) > .ant-checkbox > .ant-checkbox-input').click({\n  force: true\n});\ncy.get(':nth-child(3) > .ant-checkbox > .ant-checkbox-input').click({\n  force: true\n});\n//Seleciona itens\ncy.get(':nth-child(1) > .ant-transfer-list-header > .ant-checkbox-wrapper > .ant-checkbox > .ant-checkbox-input').click();\ncy.get('.ant-transfer-operation > :nth-child(1)').click();\ncy.get('[data-testid=\"button-submit\"]').click({\n  force: true\n});\n//clica no menu cadastro\ncy.get('[data-testid=\"01\"] > .sc-eEhoOH').click();\ncy.wait(4000);\n// sub menu grupo linha\ncy.get('[data-testid=\"0105\"] > .sc-eEhoOH > .title').click();\n// Incluir novo grupo linha\ncy.get('[data-cy=\"btn-form-add\"]').click({\n  force: true\n});\n// Insere uma descrição\ncy.get('[data-testid=\"Input-description\"]').type('1 Rodrigo minervino test', {\n  force: true\n});\ncy.wait(4000);\ncy.get('[data-testid=\"Select-groupType\"] > .ant-select-selector').click({\n  force: true\n});\ncy.get('.ant-select-dropdown:visible').contains('.ant-select-item-option-content', 'Monitoramento').click();\n//seleciona tipo de dia\ncy.get('.ant-checkbox-group > :nth-child(1) > .ant-checkbox > .ant-checkbox-input').click({\n  force: true\n});\ncy.get(':nth-child(2) > .ant-checkbox > .ant-checkbox-input').click({\n  force: true\n});\ncy.get(':nth-child(3) > .ant-checkbox > .ant-checkbox-input').click({\n  force: true\n});\n//Seleciona itens\ncy.get(':nth-child(1) > .ant-transfer-list-header > .ant-checkbox-wrapper > .ant-checkbox > .ant-checkbox-input').click();\ncy.get('.ant-transfer-operation > :nth-child(1)').click();\ncy.get('[data-testid=\"button-submit\"]').click({\n  force: true\n});\n//clica no menu cadastro\ncy.get('[data-testid=\"01\"] > .sc-eEhoOH').click();\ncy.wait(4000);\n// sub menu grupo linha\ncy.get('[data-testid=\"0105\"] > .sc-eEhoOH > .title').click();\n// Incluir novo grupo linha\ncy.get('[data-cy=\"btn-form-add\"]').click({\n  force: true\n});\n// Insere uma descrição\ncy.get('[data-testid=\"Input-description\"]').type('1 Rodrigo minervino test', {\n  force: true\n});\ncy.wait(4000);\ncy.get('[data-testid=\"Select-groupType\"] > .ant-select-selector').click({\n  force: true\n});\ncy.get('.ant-select-dropdown:visible').contains('.ant-select-item-option-content', 'Monitoramento').click();\n//seleciona tipo de dia\ncy.get('.ant-checkbox-group > :nth-child(1) > .ant-checkbox > .ant-checkbox-input').click({\n  force: true\n});\ncy.get(':nth-child(2) > .ant-checkbox > .ant-checkbox-input').click({\n  force: true\n});\ncy.get(':nth-child(3) > .ant-checkbox > .ant-checkbox-input').click({\n  force: true\n});\n//Seleciona itens\ncy.get(':nth-child(1) > .ant-transfer-list-header > .ant-checkbox-wrapper > .ant-checkbox > .ant-checkbox-input').click();\ncy.get('.ant-transfer-operation > :nth-child(1)').click();\ncy.get('[data-testid=\"button-submit\"]').click({\n  force: true\n});\n//clica no menu cadastro\ncy.get('[data-testid=\"01\"] > .sc-eEhoOH').click();\ncy.wait(4000);\n// sub menu grupo linha\ncy.get('[data-testid=\"0105\"] > .sc-eEhoOH > .title').click();\n// Incluir novo grupo linha\ncy.get('[data-cy=\"btn-form-add\"]').click({\n  force: true\n});\n// Insere uma descrição\ncy.get('[data-testid=\"Input-description\"]').type('1 Rodrigo minervino test', {\n  force: true\n});\ncy.wait(4000);\ncy.get('[data-testid=\"Select-groupType\"] > .ant-select-selector').click({\n  force: true\n});\ncy.get('.ant-select-dropdown:visible').contains('.ant-select-item-option-content', 'Monitoramento').click();\n//seleciona tipo de dia\ncy.get('.ant-checkbox-group > :nth-child(1) > .ant-checkbox > .ant-checkbox-input').click({\n  force: true\n});\ncy.get(':nth-child(2) > .ant-checkbox > .ant-checkbox-input').click({\n  force: true\n});\ncy.get(':nth-child(3) > .ant-checkbox > .ant-checkbox-input').click({\n  force: true\n});\n//Seleciona itens\ncy.get(':nth-child(1) > .ant-transfer-list-header > .ant-checkbox-wrapper > .ant-checkbox > .ant-checkbox-input').click();\ncy.get('.ant-transfer-operation > :nth-child(1)').click();\ncy.get('[data-testid=\"button-submit\"]').click({\n  force: true\n});\n//clica no menu cadastro\ncy.get('[data-testid=\"01\"] > .sc-eEhoOH').click();\ncy.wait(4000);\n// sub menu grupo linha\ncy.get('[data-testid=\"0105\"] > .sc-eEhoOH > .title').click();\n// Incluir novo grupo linha\ncy.get('[data-cy=\"btn-form-add\"]').click({\n  force: true\n});\n// Insere uma descrição\ncy.get('[data-testid=\"Input-description\"]').type('1 Rodrigo minervino test', {\n  force: true\n});\ncy.wait(4000);\ncy.get('[data-testid=\"Select-groupType\"] > .ant-select-selector').click({\n  force: true\n});\ncy.get('.ant-select-dropdown:visible').contains('.ant-select-item-option-content', 'Monitoramento').click();\n//seleciona tipo de dia\ncy.get('.ant-checkbox-group > :nth-child(1) > .ant-checkbox > .ant-checkbox-input').click({\n  force: true\n});\ncy.get(':nth-child(2) > .ant-checkbox > .ant-checkbox-input').click({\n  force: true\n});\ncy.get(':nth-child(3) > .ant-checkbox > .ant-checkbox-input').click({\n  force: true\n});\n//Seleciona itens\ncy.get(':nth-child(1) > .ant-transfer-list-header > .ant-checkbox-wrapper > .ant-checkbox > .ant-checkbox-input').click();\ncy.get('.ant-transfer-operation > :nth-child(1)').click();\ncy.get('[data-testid=\"button-submit\"]').click({\n  force: true\n});\n//clica no menu cadastro\ncy.get('[data-testid=\"01\"] > .sc-eEhoOH').click();\ncy.wait(4000);\n// sub menu grupo linha\ncy.get('[data-testid=\"0105\"] > .sc-eEhoOH > .title').click();\n// Incluir novo grupo linha\ncy.get('[data-cy=\"btn-form-add\"]').click({\n  force: true\n});\n// Insere uma descrição\ncy.get('[data-testid=\"Input-description\"]').type('1 Rodrigo minervino test', {\n  force: true\n});\ncy.wait(4000);\ncy.get('[data-testid=\"Select-groupType\"] > .ant-select-selector').click({\n  force: true\n});\ncy.get('.ant-select-dropdown:visible').contains('.ant-select-item-option-content', 'Monitoramento').click();\n//seleciona tipo de dia\ncy.get('.ant-checkbox-group > :nth-child(1) > .ant-checkbox > .ant-checkbox-input').click({\n  force: true\n});\ncy.get(':nth-child(2) > .ant-checkbox > .ant-checkbox-input').click({\n  force: true\n});\ncy.get(':nth-child(3) > .ant-checkbox > .ant-checkbox-input').click({\n  force: true\n});\n//Seleciona itens\ncy.get(':nth-child(1) > .ant-transfer-list-header > .ant-checkbox-wrapper > .ant-checkbox > .ant-checkbox-input').click();\ncy.get('.ant-transfer-operation > :nth-child(1)').click();\ncy.get('[data-testid=\"button-submit\"]').click({\n  force: true\n});\n//clica no menu cadastro\ncy.get('[data-testid=\"01\"] > .sc-eEhoOH').click();\ncy.wait(4000);\n// sub menu grupo linha\ncy.get('[data-testid=\"0105\"] > .sc-eEhoOH > .title').click();\n// Incluir novo grupo linha\ncy.get('[data-cy=\"btn-form-add\"]').click({\n  force: true\n});\n// Insere uma descrição\ncy.get('[data-testid=\"Input-description\"]').type('1 Rodrigo minervino test', {\n  force: true\n});\ncy.wait(4000);\ncy.get('[data-testid=\"Select-groupType\"] > .ant-select-selector').click({\n  force: true\n});\ncy.get('.ant-select-dropdown:visible').contains('.ant-select-item-option-content', 'Monitoramento').click();\n//seleciona tipo de dia\ncy.get('.ant-checkbox-group > :nth-child(1) > .ant-checkbox > .ant-checkbox-input').click({\n  force: true\n});\ncy.get(':nth-child(2) > .ant-checkbox > .ant-checkbox-input').click({\n  force: true\n});\ncy.get(':nth-child(3) > .ant-checkbox > .ant-checkbox-input').click({\n  force: true\n});\n//Seleciona itens\ncy.get(':nth-child(1) > .ant-transfer-list-header > .ant-checkbox-wrapper > .ant-checkbox > .ant-checkbox-input').click();\ncy.get('.ant-transfer-operation > :nth-child(1)').click();\ncy.get('[data-testid=\"button-submit\"]').click({\n  force: true\n});\n//clica no menu cadastro\ncy.get('[data-testid=\"01\"] > .sc-eEhoOH').click();\ncy.wait(4000);\n// sub menu grupo linha\ncy.get('[data-testid=\"0105\"] > .sc-eEhoOH > .title').click();\n// Incluir novo grupo linha\ncy.get('[data-cy=\"btn-form-add\"]').click({\n  force: true\n});\n// Insere uma descrição\ncy.get('[data-testid=\"Input-description\"]').type('1 Rodrigo minervino test', {\n  force: true\n});\ncy.wait(4000);\ncy.get('[data-testid=\"Select-groupType\"] > .ant-select-selector').click({\n  force: true\n});\ncy.get('.ant-select-dropdown:visible').contains('.ant-select-item-option-content', 'Monitoramento').click();\n//seleciona tipo de dia\ncy.get('.ant-checkbox-group > :nth-child(1) > .ant-checkbox > .ant-checkbox-input').click({\n  force: true\n});\ncy.get(':nth-child(2) > .ant-checkbox > .ant-checkbox-input').click({\n  force: true\n});\ncy.get(':nth-child(3) > .ant-checkbox > .ant-checkbox-input').click({\n  force: true\n});\n//Seleciona itens\ncy.get(':nth-child(1) > .ant-transfer-list-header > .ant-checkbox-wrapper > .ant-checkbox > .ant-checkbox-input').click();\ncy.get('.ant-transfer-operation > :nth-child(1)').click();\ncy.get('[data-testid=\"button-submit\"]').click({\n  force: true\n});",
              "err": {},
              "uuid": "946a6b86-e195-497f-9f2e-63148efd8c83",
              "parentUUID": "4765305f-f6b9-4839-8bb8-9ae577e7f030",
              "isHook": false,
              "skipped": false
            }
          ],
          "suites": [],
          "passes": [
            "946a6b86-e195-497f-9f2e-63148efd8c83"
          ],
          "failures": [],
          "pending": [],
          "skipped": [],
          "duration": 194798,
          "root": false,
          "rootEmpty": false,
          "_timeout": 2000
        }
      ],
      "passes": [],
      "failures": [],
      "pending": [],
      "skipped": [],
      "duration": 0,
      "root": true,
      "rootEmpty": true,
      "_timeout": 2000
    }
  ],
  "meta": {
    "mocha": {
      "version": "7.2.0"
    },
    "mochawesome": {
      "options": {
        "quiet": true,
        "reportFilename": "mochawesome",
        "saveHtml": false,
        "saveJson": true,
        "consoleReporter": "spec",
        "useInlineDiffs": false,
        "code": true
      },
      "version": "7.1.3"
    },
    "marge": {
      "options": {
        "reportDir": "cypress\\reports\\.jsons",
        "charts": true,
        "reportPageTitle": "Relatório E2E",
        "embeddedScreenshots": true,
        "inlineAssets": true,
        "quiet": true,
        "overwrite": false,
        "html": false,
        "json": true
      },
      "version": "6.2.0"
    }
  }
}